2025-08-03 19:01:28.324: [INFO][Sync] Reset engine, reason: 8
2025-08-03 19:01:28.324: [INFO][Sync] Stopped: Bookmarks
2025-08-03 19:01:28.324: [INFO][Sync] Stopped: Preferences
2025-08-03 19:01:28.324: [INFO][Sync] Stopped: Passwords
2025-08-03 19:01:28.324: [INFO][Sync] Stopped: Autofill Profiles
2025-08-03 19:01:28.324: [INFO][Sync] Stopped: Autofill
2025-08-03 19:01:28.324: [INFO][Sync] Stopped: Extensions
2025-08-03 19:01:28.324: [INFO][Sync] Stopped: Sessions
2025-08-03 19:01:28.324: [INFO][Sync] Stopped: Extension settings
2025-08-03 19:01:28.324: [INFO][Sync] Stopped: History Delete Directives
2025-08-03 19:01:28.324: [INFO][Sync] Stopped: Device Info
2025-08-03 19:01:28.324: [INFO][Sync] Stopped: User Consents
2025-08-03 19:01:28.324: [INFO][Sync] Stopped: Send Tab To Self
2025-08-03 19:01:28.324: [INFO][Sync] Stopped: Web Apps
2025-08-03 19:01:28.324: [INFO][Sync] Stopped: History
2025-08-03 19:01:28.324: [INFO][Sync] Stopped: Saved Tab Group
2025-08-03 19:01:28.324: [INFO][Sync] Stopped: WebAuthn Credentials
2025-08-03 19:01:28.324: [INFO][Sync] Stopped: Collection
2025-08-03 19:01:28.324: [INFO][Sync] Stopped: Edge E Drop
2025-08-03 19:01:28.324: [INFO][Sync] Stopped: Edge Hub App Usage
2025-08-03 19:01:28.324: [INFO][Sync] Stopped: Edge Wallet
2025-08-03 19:01:28.324: [INFO][Sync] SyncState after authenticated was: NotSignedIn
2025-08-03 19:01:28.648: [INFO][Sync] Reset engine, reason: 8
2025-08-03 19:01:28.648: [INFO][Sync] Stopped: Bookmarks
2025-08-03 19:01:28.648: [INFO][Sync] Stopped: Preferences
2025-08-03 19:01:28.648: [INFO][Sync] Stopped: Passwords
2025-08-03 19:01:28.648: [INFO][Sync] Stopped: Autofill Profiles
2025-08-03 19:01:28.648: [INFO][Sync] Stopped: Autofill
2025-08-03 19:01:28.648: [INFO][Sync] Stopped: Extensions
2025-08-03 19:01:28.648: [INFO][Sync] Stopped: Sessions
2025-08-03 19:01:28.648: [INFO][Sync] Stopped: Extension settings
2025-08-03 19:01:28.648: [INFO][Sync] Stopped: History Delete Directives
2025-08-03 19:01:28.648: [INFO][Sync] Stopped: Device Info
2025-08-03 19:01:28.648: [INFO][Sync] Stopped: User Consents
2025-08-03 19:01:28.648: [INFO][Sync] Stopped: Send Tab To Self
2025-08-03 19:01:28.648: [INFO][Sync] Stopped: Web Apps
2025-08-03 19:01:28.648: [INFO][Sync] Stopped: History
2025-08-03 19:01:28.648: [INFO][Sync] Stopped: Saved Tab Group
2025-08-03 19:01:28.648: [INFO][Sync] Stopped: WebAuthn Credentials
2025-08-03 19:01:28.648: [INFO][Sync] Stopped: Collection
2025-08-03 19:01:28.648: [INFO][Sync] Stopped: Edge E Drop
2025-08-03 19:01:28.648: [INFO][Sync] Stopped: Edge Hub App Usage
2025-08-03 19:01:28.648: [INFO][Sync] Stopped: Edge Wallet
2025-08-03 19:04:29.395: [INFO][Sync] Reset engine, reason: 0
2025-08-05 15:18:22.491: [INFO][Sync] Reset engine, reason: 8
2025-08-05 15:18:22.492: [INFO][Sync] Stopped: Bookmarks
2025-08-05 15:18:22.492: [INFO][Sync] Stopped: Preferences
2025-08-05 15:18:22.492: [INFO][Sync] Stopped: Passwords
2025-08-05 15:18:22.492: [INFO][Sync] Stopped: Autofill Profiles
2025-08-05 15:18:22.492: [INFO][Sync] Stopped: Autofill
2025-08-05 15:18:22.492: [INFO][Sync] Stopped: Extensions
2025-08-05 15:18:22.492: [INFO][Sync] Stopped: Sessions
2025-08-05 15:18:22.492: [INFO][Sync] Stopped: Extension settings
2025-08-05 15:18:22.492: [INFO][Sync] Stopped: History Delete Directives
2025-08-05 15:18:22.492: [INFO][Sync] Stopped: Device Info
2025-08-05 15:18:22.492: [INFO][Sync] Stopped: User Consents
2025-08-05 15:18:22.492: [INFO][Sync] Stopped: Send Tab To Self
2025-08-05 15:18:22.492: [INFO][Sync] Stopped: Web Apps
2025-08-05 15:18:22.492: [INFO][Sync] Stopped: History
2025-08-05 15:18:22.492: [INFO][Sync] Stopped: Saved Tab Group
2025-08-05 15:18:22.492: [INFO][Sync] Stopped: WebAuthn Credentials
2025-08-05 15:18:22.492: [INFO][Sync] Stopped: Collection
2025-08-05 15:18:22.492: [INFO][Sync] Stopped: Edge E Drop
2025-08-05 15:18:22.492: [INFO][Sync] Stopped: Edge Hub App Usage
2025-08-05 15:18:22.492: [INFO][Sync] Stopped: Edge Wallet
2025-08-05 15:18:22.492: [INFO][Sync] SyncState after authenticated was: NotSignedIn
2025-08-05 15:18:22.721: [INFO][Sync] Reset engine, reason: 8
2025-08-05 15:18:22.721: [INFO][Sync] Stopped: Bookmarks
2025-08-05 15:18:22.721: [INFO][Sync] Stopped: Preferences
2025-08-05 15:18:22.721: [INFO][Sync] Stopped: Passwords
2025-08-05 15:18:22.721: [INFO][Sync] Stopped: Autofill Profiles
2025-08-05 15:18:22.721: [INFO][Sync] Stopped: Autofill
2025-08-05 15:18:22.721: [INFO][Sync] Stopped: Extensions
2025-08-05 15:18:22.721: [INFO][Sync] Stopped: Sessions
2025-08-05 15:18:22.721: [INFO][Sync] Stopped: Extension settings
2025-08-05 15:18:22.721: [INFO][Sync] Stopped: History Delete Directives
2025-08-05 15:18:22.721: [INFO][Sync] Stopped: Device Info
2025-08-05 15:18:22.721: [INFO][Sync] Stopped: User Consents
2025-08-05 15:18:22.721: [INFO][Sync] Stopped: Send Tab To Self
2025-08-05 15:18:22.721: [INFO][Sync] Stopped: Web Apps
2025-08-05 15:18:22.721: [INFO][Sync] Stopped: History
2025-08-05 15:18:22.721: [INFO][Sync] Stopped: Saved Tab Group
2025-08-05 15:18:22.721: [INFO][Sync] Stopped: WebAuthn Credentials
2025-08-05 15:18:22.721: [INFO][Sync] Stopped: Collection
2025-08-05 15:18:22.721: [INFO][Sync] Stopped: Edge E Drop
2025-08-05 15:18:22.721: [INFO][Sync] Stopped: Edge Hub App Usage
2025-08-05 15:18:22.721: [INFO][Sync] Stopped: Edge Wallet
